********************************

Exception code: C0000005 ACCESS_VIOLATION
Fault address:  69603E00 01:00102E00 C:\FEB_2011\system32\nvoglnt.dll

Registers:
EAX:00000000
EBX:00000001
ECX:00C62DC0
EDX:FF5CD080
ESI:00000000
EDI:FF39D240
CS:EIP:001B:69603E00
SS:ESP:0023:0155FF2C  EBP:00C62DC0
DS:0023  ES:0023  FS:003B  GS:0000
Flags:00010282
********************************

Exception code: C0000005 ACCESS_VIOLATION
Fault address:  69603E00 01:00102E00 C:\FEB_2011\system32\nvoglnt.dll

Registers:
EAX:00000000
EBX:00000001
ECX:00C62CC0
EDX:FF5CD180
ESI:00000000
EDI:FF39D340
CS:EIP:001B:69603E00
SS:ESP:0023:0155FF2C  EBP:00C62CC0
DS:0023  ES:0023  FS:003B  GS:0000
Flags:00010282
********************************

Exception code: C0000005 ACCESS_VIOLATION
Fault address:  69603E00 01:00102E00 C:\FEB_2011\system32\nvoglnt.dll

Registers:
EAX:00000000
EBX:00000001
ECX:00C62CC0
EDX:FF5CD180
ESI:00000000
EDI:FF39D340
CS:EIP:001B:69603E00
SS:ESP:0023:0155FF2C  EBP:00C62CC0
DS:0023  ES:0023  FS:003B  GS:0000
Flags:00010282
